<?xml version="1.0" encoding="UTF-8"?>
<testng-results total="1" passed="1" failed="0" skipped="0">
  <reporter-output>
  </reporter-output>
  <suite started-at="2022-01-31T17:34:21Z" name="Default suite" finished-at="2022-01-31T17:34:24Z" duration-ms="2937">
    <groups>
    </groups>
    <test started-at="2022-01-31T17:34:21Z" name="Default test" finished-at="2022-01-31T17:34:24Z" duration-ms="2937">
      <class name="DriverFactory.AppTest">
        <test-method signature="KickStart()[pri:0, instance:DriverFactory.AppTest@5340477f]" started-at="2022-01-31T23:04:21Z" name="KickStart" finished-at="2022-01-31T23:04:24Z" duration-ms="2909" status="PASS">
          <reporter-output>
          </reporter-output>
        </test-method> <!-- KickStart -->
      </class> <!-- DriverFactory.AppTest -->
    </test> <!-- Default test -->
  </suite> <!-- Default suite -->
</testng-results>
