<?xml version="1.0" encoding="UTF-8"?>
<testng-results total="2" passed="2" failed="0" skipped="0">
  <reporter-output>
    <line>
      <![CDATA[Title is matching::Google  Google]]>
    </line>
    <line>
      <![CDATA[Title is Not matching::Gmail  Google]]>
    </line>
  </reporter-output>
  <suite started-at="2022-01-25T07:30:18Z" name="Default suite" finished-at="2022-01-25T07:30:46Z" duration-ms="28063">
    <groups>
    </groups>
    <test started-at="2022-01-25T07:30:18Z" name="Default test" finished-at="2022-01-25T07:30:46Z" duration-ms="28063">
      <class name="CommonFunctions.advancedreports">
        <test-method is-config="true" signature="generateReport()[pri:0, instance:CommonFunctions.advancedreports@6933b6c6]" started-at="2022-01-25T13:00:18Z" name="generateReport" finished-at="2022-01-25T13:00:19Z" duration-ms="1110" status="PASS">
          <reporter-output>
          </reporter-output>
        </test-method> <!-- generateReport -->
        <test-method is-config="true" signature="setUp()[pri:0, instance:CommonFunctions.advancedreports@6933b6c6]" started-at="2022-01-25T13:00:19Z" name="setUp" finished-at="2022-01-25T13:00:37Z" duration-ms="17456" status="PASS">
          <reporter-output>
          </reporter-output>
        </test-method> <!-- setUp -->
        <test-method signature="PassTest()[pri:0, instance:CommonFunctions.advancedreports@6933b6c6]" started-at="2022-01-25T13:00:37Z" name="PassTest" finished-at="2022-01-25T13:00:37Z" duration-ms="126" status="PASS">
          <reporter-output>
            <line>
              <![CDATA[Title is matching::Google  Google]]>
            </line>
          </reporter-output>
        </test-method> <!-- PassTest -->
        <test-method is-config="true" signature="tearDown()[pri:0, instance:CommonFunctions.advancedreports@6933b6c6]" started-at="2022-01-25T13:00:37Z" name="tearDown" finished-at="2022-01-25T13:00:39Z" duration-ms="1613" status="PASS">
          <reporter-output>
          </reporter-output>
        </test-method> <!-- tearDown -->
        <test-method is-config="true" signature="setUp()[pri:0, instance:CommonFunctions.advancedreports@6933b6c6]" started-at="2022-01-25T13:00:39Z" name="setUp" finished-at="2022-01-25T13:00:46Z" duration-ms="7026" status="PASS">
          <reporter-output>
          </reporter-output>
        </test-method> <!-- setUp -->
        <test-method signature="failTest()[pri:0, instance:CommonFunctions.advancedreports@6933b6c6]" started-at="2022-01-25T13:00:46Z" name="failTest" finished-at="2022-01-25T13:00:46Z" duration-ms="44" status="PASS">
          <reporter-output>
            <line>
              <![CDATA[Title is Not matching::Gmail  Google]]>
            </line>
          </reporter-output>
        </test-method> <!-- failTest -->
        <test-method is-config="true" signature="tearDown()[pri:0, instance:CommonFunctions.advancedreports@6933b6c6]" started-at="2022-01-25T13:00:46Z" name="tearDown" finished-at="2022-01-25T13:00:46Z" duration-ms="646" status="PASS">
          <reporter-output>
          </reporter-output>
        </test-method> <!-- tearDown -->
      </class> <!-- CommonFunctions.advancedreports -->
    </test> <!-- Default test -->
  </suite> <!-- Default suite -->
</testng-results>
